INFO:root:Loaded Configuration
DEBUG:root:Performing Configuration Validation
INFO:client:Logging in <email>...
INFO:urllib3.connectionpool:Starting new HTTPS connection (1): m.facebook.com
DEBUG:urllib3.connectionpool:Setting read timeout to 30
DEBUG:urllib3.connectionpool:"GET /?seq=0&__req=1 HTTP/1.1" 200 None
DEBUG:urllib3.connectionpool:Setting read timeout to 30
DEBUG:urllib3.connectionpool:"POST /login.php?login_attempt=1 HTTP/1.1" 302 0
DEBUG:urllib3.connectionpool:Setting read timeout to 30
DEBUG:urllib3.connectionpool:"GET /login/?email=%3Cemail%3E&li=EyhcWcqjM3zTSGcRs3yJuvz0&e=1348028&refsrc=https%3A%2F%2Fwww.facebook.com%2F&_rdr HTTP/1.1" 200 None
WARNING:client:Attempt #1 failed, retrying
DEBUG:urllib3.connectionpool:Setting read timeout to 30
DEBUG:urllib3.connectionpool:"GET /?seq=0&__req=3 HTTP/1.1" 200 None
DEBUG:urllib3.connectionpool:Setting read timeout to 30
DEBUG:urllib3.connectionpool:"POST /login.php?login_attempt=1 HTTP/1.1" 302 0
DEBUG:urllib3.connectionpool:Setting read timeout to 30
DEBUG:urllib3.connectionpool:"GET /login/?email=%3Cemail%3E&li=FShcWWAUgO7VCSlAzjoRum4K&e=1348028&refsrc=https%3A%2F%2Fwww.facebook.com%2F&_rdr HTTP/1.1" 200 None
WARNING:client:Attempt #2 failed, retrying
INFO:root:Loaded Configuration
DEBUG:root:Performing Configuration Validation
INFO:client:Logging in ainsey11@gmail.com...
INFO:urllib3.connectionpool:Starting new HTTPS connection (1): m.facebook.com
DEBUG:urllib3.connectionpool:Setting read timeout to 30
DEBUG:urllib3.connectionpool:"GET /?seq=0&__req=1 HTTP/1.1" 200 None
DEBUG:urllib3.connectionpool:Setting read timeout to 30
DEBUG:urllib3.connectionpool:"POST /login.php?login_attempt=1 HTTP/1.1" 302 0
DEBUG:urllib3.connectionpool:Setting read timeout to 30
DEBUG:urllib3.connectionpool:"GET /home.php?refsrc=https%3A%2F%2Fwww.facebook.com%2F&_rdr HTTP/1.1" 200 None
INFO:urllib3.connectionpool:Starting new HTTPS connection (1): www.facebook.com
DEBUG:urllib3.connectionpool:Setting read timeout to 30
DEBUG:urllib3.connectionpool:"GET /?seq=0&__req=3 HTTP/1.1" 200 None
INFO:client:Login of ainsey11@gmail.com successful.
INFO:urllib3.connectionpool:Starting new HTTPS connection (1): 0-edge-chat.facebook.com
DEBUG:urllib3.connectionpool:Setting read timeout to 30
DEBUG:urllib3.connectionpool:"GET /pull?__a=1&__user=1607140776&seq=0&clientid=56afb9b7&ttstamp=6581701044511110066736710082586581718610611411971877475482&__rev=3134691&msgs_recv=0&fb_dtsg=AQFh-odBICdR%3AAQGVjrwGWJK0&channel=p_1607140776&__req=4 HTTP/1.1" 200 75
INFO:client:Listening...
DEBUG:urllib3.connectionpool:Setting read timeout to 30
DEBUG:urllib3.connectionpool:"GET /active_ping?viewer_uid=1607140776&__a=1&__user=1607140776&seq=0&cap=0&state=active&clientid=56afb9b7&partition=-2&ttstamp=6581701044511110066736710082586581718610611411971877475482&__rev=3134691&fb_dtsg=AQFh-odBICdR%3AAQGVjrwGWJK0&__req=5&uid=1607140776&sticky_pool=atn1c08_chat-proxy&channel=p_1607140776&sticky_token=130 HTTP/1.1" 200 22
DEBUG:urllib3.connectionpool:Setting read timeout to 30
DEBUG:urllib3.connectionpool:"GET /pull?__a=1&__user=1607140776&seq=0&clientid=56afb9b7&ttstamp=6581701044511110066736710082586581718610611411971877475482&__rev=3134691&msgs_recv=0&fb_dtsg=AQFh-odBICdR%3AAQGVjrwGWJK0&__req=6&sticky_pool=atn1c08_chat-proxy&sticky_token=130 HTTP/1.1" 200 120
DEBUG:urllib3.connectionpool:Setting read timeout to 30
DEBUG:urllib3.connectionpool:"GET /active_ping?viewer_uid=1607140776&__a=1&__user=1607140776&seq=1&cap=0&state=active&clientid=56afb9b7&partition=-2&ttstamp=6581701044511110066736710082586581718610611411971877475482&__rev=3134691&fb_dtsg=AQFh-odBICdR%3AAQGVjrwGWJK0&__req=7&uid=1607140776&sticky_pool=atn1c08_chat-proxy&channel=p_1607140776&sticky_token=130 HTTP/1.1" 200 22
DEBUG:urllib3.connectionpool:Setting read timeout to 30
DEBUG:urllib3.connectionpool:"GET /pull?__a=1&__user=1607140776&seq=1&clientid=56afb9b7&ttstamp=6581701044511110066736710082586581718610611411971877475482&__rev=3134691&msgs_recv=0&fb_dtsg=AQFh-odBICdR%3AAQGVjrwGWJK0&__req=8&sticky_pool=atn1c08_chat-proxy&sticky_token=130 HTTP/1.1" 200 6384
DEBUG:client:Chat Timestamps received: {u'100000283840444': 1499208452, u'1124884332': 1499206257, u'100004974943112': 1499202793, u'1169439719': 1499211742, u'100000512250108': 1499208238, u'100000827258900': 1499199559, u'784368064': 1499185920, u'1641345819': 1499203318, u'1563400820': 1499101369, u'1464848454': 1499204111, u'100004757946564': 1499207283, u'1156080812': 1499210530, u'100001118547881': 1499206931, u'1148370905': 1499189736, u'618718697': 1499198851, u'532628091': 1499211839, u'757565284': 1499200133, u'100004450634335': 1499204953, u'743790023': 1499209160, u'696218370': 1499207839, u'1248887630': 1499205981, u'100001784875221': 1499209201, u'100004032799502': 1499211046, u'701169053': 1499206105, u'100007039626274': 1499174513, u'1552322739': 1499211819, u'100001492553973': 1499209513, u'100002022559311': 1499205505, u'530985639': 1499199200, u'100000945170570': 1499197160, u'1063339033': 1499200128, u'100003235571067': 1499206017, u'1323715613': 1499210173, u'1513515828': 1499211260, u'1427635126': 1499202588, u'1392574762': 1499209240, u'100000409237276': 1499211559, u'100001513076903': 1499191846, u'100011280524427': 1499211829, u'532067003': 1499189087, u'100002322107542': 1499102788, u'649560061': 1499207850, u'100012792421472': 1499206827, u'1336101583': 1499211233, u'100000555417896': 1499205013, u'1210910708': 1499204979, u'100001826135302': 1499207682, u'714546621': 1499211826, u'795930264': 1499209181, u'100003524488787': 1499198454, u'1456114721': 1499174928, u'779955751': 1499209041, u'100002214783385': 1499203816, u'100001462177386': 1499206928, u'1750041066': 1499208973, u'692900381': 1499204352, u'100005693405769': 1499211852, u'100004231003611': 1499106852, u'100002919207459': 1499203287, u'1244443977': 1499210521, u'100000261146822': 1499208390, u'100000902656780': 1499113212, u'504040552': 1499198399, u'100008379190043': 1499204594, u'100000942507412': 1499205721, u'100001789509998': 1499207078, u'100002610652103': 1499211763, u'775425060': 1499207814, u'100000886647157': 1499205935, u'1074762248': 1499207290, u'1423651081': 1499211649, u'100009923263446': 1499198205, u'1634141340': 1499201267, u'665820924': 1499203428, u'100001270574161': 1499210956, u'100014338720996': 1499207699, u'1318297488': 1499211455, u'765555536': 1499193954, u'590850547': 1499211843, u'1675969332': 1499205245, u'100001390948138': 1499167895, u'1251638982': 1499208277, u'565344337': 1499209062, u'1234827149': 1499210659, u'100000396624433': 1499205273, u'100001871117170': 1499210248, u'100004596497166': 1499209582, u'1617630540': 1499198728, u'585367457': 1499193352, u'100005538787325': 1499211831, u'100000471365162': 1499204371, u'1263886258': 1499206943, u'100000703176746': 1499209453, u'549200220': 1499203010, u'1682415142': 1499205883, u'100002524023250': 1499207815, u'593962448': 1499208252, u'100002277606687': 1499207750, u'100000499701733': 1499208546, u'522641585': 1499204583, u'1758656228': 1499210008, u'1336865069': 1499170708, u'100001559155995': 1499187710, u'100006695475165': 1499211845, u'639622976': 1499211351, u'1483838683': 1499210921, u'526708239': 1499202212, u'100004040844950': 1499201136, u'699566141': 1499206411, u'673333368': 1499210210, u'100005092546371': 1499194679, u'1113643103': 1499178189, u'1157531897': 1499207269, u'100005865643900': 1499203285, u'100000543671142': 1499209140, u'100002059992548': 1499200006, u'670410200': 1499208152, u'100000753058177': 1499211858, u'100000777600957': 1499207467, u'100004514685874': 1499188665, u'564790385': 1499206964, u'538666607': 1499207568, u'100000163812481': 1499201647, u'648841706': 1499209801, u'100000268572943': 1499208473, u'100001176469896': 1499207792, u'100013533765539': 1499204196, u'100005276860902': 1499205168, u'901345337': 1499116653, u'1777824391': 1499205769, u'100003703299420': 1499209157, u'100002979735060': 1499207009, u'873370516': 1499194143, u'1278204902': 1499210347, u'509436503': 1499200920, u'100002236687473': 1499208721, u'552775411': 1499205989, u'1208575175': 1499208269, u'1532885666': 1499211743, u'100001729786260': 1499205819, u'100000377083499': 1499207393, u'100004058951737': 1499209699, u'100005187450823': 1499204358, u'544040466': 1499210821, u'1290331906': 1499206930, u'100001147978562': 1499211697, u'100000471086780': 1499208393, u'100007804844085': 1499196961, u'100004772317974': 1499202275, u'100007423930999': 1499183502, u'747640759': 1499202078, u'629281078': 1499203257, u'100005287569658': 1499206441, u'100003948441496': 1499206213, u'751595136': 1499211852, u'100009541374209': 1499201133, u'100001782424419': 1499210485, u'100002088148988': 1499204472, u'715401720': 1499205190, u'100000677402076': 1499205547, u'565973238': 1499210274, u'690600281': 1499206655, u'661401042': 1499204744, u'1639724214': 1499203015, u'1220193088': 1499126333, u'100000520753079': 1499211071, u'100003344330408': 1499202378, u'1434015302': 1499206795, u'1358164358': 1499211773, u'100005630767043': 1499202505, u'779493351': 1499191633, u'100000569906348': 1499207590, u'554024108': 1499117363, u'100005555077847': 1499201813, u'100001076119405': 1499198766, u'1588505710': 1499206072, u'562733614': 1499207754, u'100010200007256': 1499198998, u'100000061144192': 1499211832, u'717722475': 1499205794, u'825259907': 1499110976, u'1090534032': 1499205496, u'693728247': 1499208506, u'713308332': 1499204537, u'1747708614': 1499202344, u'514227613': 1499204247, u'1076112336': 1499168264, u'100000400190109': 1499209588, u'100005101158500': 1499203327, u'100006019777749': 1499204300, u'100000672600307': 1499209219, u'1327188898': 1499192976, u'100004185873521': 1499211643, u'100000078048197': 1499205160, u'1315202508': 1499210238, u'100004744058315': 1499211555, u'100004842042083': 1499209791, u'100004172404048': 1499203747, u'100000746385671': 1499206364, u'1748905640': 1499211569, u'510465728': 1499171705, u'526073182': 1499209650, u'100000361000967': 1499207146, u'1170775054': 1499210111, u'100003830204123': 1499205145, u'1448882122': 1499201782, u'100011364174403': 1499203262, u'897875532': 1499211853, u'100000081098108': 1499210734, u'100001283970475': 1499210495, u'691178116': 1499201840, u'1303902757': 1499205441, u'100002182830270': 1499200813, u'1226580168': 1499204391, u'669937175': 1499167863, u'1270172179': 1499171878, u'1012385615': 1499209456, u'1631471233': 1499211845, u'514226854': 1499199842, u'660669200': 1499206743, u'515563201': 1499210489, u'100000795937398': 1499207360, u'100001682455185': 1499200921, u'100001597159876': 1499211593, u'100000301997314': 1499204840, u'1407087560': 1499209568, u'1348200277': 1499165756, u'1440766237': 1499210730, u'545118022': 1499204981, u'619301499': 1499206943, u'508362846': 1499191226, u'737917503': 1499127249, u'100009411253594': 1499198590, u'652958732': 1499207591, u'699267181': 1499211847, u'1096103566': 1499198522, u'775141483': 1499202000, u'638322043': 1499209887, u'100002209120223': 1499211839, u'613301147': 1499210440, u'1629005583': 1499210510, u'1523593984': 1499201489, u'100005152231457': 1499208701, u'1237634771': 1499205389, u'505067210': 1499209089, u'783921693': 1499201427, u'1548560575': 1499211833, u'732839155': 1499203198, u'100000986958703': 1499205171, u'653514923': 1499199936, u'1199778372': 1499199345, u'100000030315227': 1499208900, u'690425780': 1499200947, u'552485367': 1499204947, u'100003293836835': 1499171953, u'100010033689252': 1499194480, u'1414504922': 1499209503, u'789140797': 1499208218, u'100007124947239': 1499176763, u'100001517625328': 1499197618, u'100011023563341': 1499203226, u'100012388890741': 1499207387, u'899645257': 1499205659, u'1184050968': 1499211843, u'686507223': 1499200138, u'1828605743': 1499201658, u'501337668': 1499210126, u'1296336132': 1499207163, u'100003753215847': 1499211358, u'100002225335626': 1499210647, u'1418176424': 1499201291, u'526017138': 1499207606, u'100000410386064': 1499209711, u'100006497884012': 1499209612, u'100004137552075': 1499210829, u'1134571916': 1499208088, u'1051902237': 1499202277, u'100001946242175': 1499209965, u'100000203057106': 1499210736, u'100008537700702': 1499194393, u'100003554288864': 1499207217, u'593997779': 1499205222, u'1415686399': 1499179625, u'100004100082154': 1499211202, u'100000210201105': 1499208551, u'738364895': 1499207918, u'1443124037': 1499204183, u'100009148500513': 1499205601, u'100004942661638': 1499211850, u'100003249289482': 1499211153, u'696396192': 1499211338, u'1451682728': 1499203975, u'100000350233101': 1499204048, u'1559492958': 1499204179, u'534921689': 1499105067, u'100000699100497': 1499203963, u'1155231884': 1499207883, u'100011057529743': 1499211852, u'563394306': 1499207374, u'100006217298371': 1499203778, u'536150570': 1499074210, u'100004960699162': 1499206148, u'100000579504212': 1499170767, u'100001079679690': 1499199827, u'1468228591': 1499211224, u'1453935508': 1499211727, u'1482788284': 1499202657, u'782627473': 1499207628, u'100000479884661': 1499206732, u'664859680': 1499206554, u'100000120280745': 1499207067, u'610630227': 1499210634, u'100001695772752': 1499193316, u'100001917390070': 1499210178, u'100006888856261': 1499197096, u'742889318': 1499210371, u'1612321524': 1499020764, u'1170796407': 1499204408, u'554029906': 1499206182, u'100003825983478': 1499192594, u'100000084057966': 1499207585, u'604899484': 1499204780, u'563213834': 1498908649, u'527104841': 1499205507, u'660661208': 1499205356, u'540394615': 1499208469, u'565218095': 1499210066, u'719523369': 1499201798, u'100003648905296': 1499116046, u'100001724403858': 1499199966, u'100007353453187': 1499211829, u'1274671089': 1499202337, u'100000638030367': 1499206972, u'100004368018823': 1499207677, u'100001246306547': 1499204152, u'545888295': 1499144880, u'726480804': 1499204201, u'1715517784': 1499207845, u'1460315868': 1499202035, u'100001550440961': 1499211192, u'1104463485': 1499202993, u'100000467117784': 1499211193, u'1325140450': 1499211842, u'1151224313': 1499211231, u'1027920255': 1499209262, u'100002028617302': 1499211031, u'100004940315883': 1499150018, u'100001942983835': 1499211327, u'1148221023': 1499203785, u'805463389': 1499206685, u'659490223': 1499206222, u'100008490255487': 1499180974, u'1773023260': 1499209958, u'100001716904165': 1499206184, u'794567003': 1499204671, u'514502514': 1499211855, u'100003932898116': 1499202343, u'680113989': 1499205509, u'100009578949421': 1499211111, u'100001031567494': 1499211819, u'594196336': 1499191788, u'100010610889724': 1499028156, u'1235203463': 1499205700, u'593158451': 1499205982, u'562047974': 1499203478, u'100001393950205': 1499206148, u'596490074': 1499209352, u'100000140980113': 1499201019, u'706177284': 1499207956, u'608222181': 1499155916, u'1157994593': 1499122251, u'100000698153232': 1499203736, u'1353185804': 1499209411, u'1161373050': 1499210479, u'100000824642644': 1499201670, u'100000258732279': 1499211857, u'1438147865': 1499196373, u'100008285265570': 1499205815, u'100000087162801': 1499209755, u'568980380': 1499197025, u'637219570': 1499211856, u'780667770': 1499170334, u'1597290268': 1499198285, u'100001014034634': 1499199159, u'100002350651473': 1499211038, u'100000250478256': 1499211664, u'100005792081791': 1499204478, u'100001647259372': 1499197172, u'100000940999893': 1499210519, u'711232710': 1499198248, u'1598080985': 1499202277, u'590918365': 1499211769, u'100002634200268': 1499203165, u'786200406': 1499202760, u'1093853432': 1499204829, u'575924521': 1499202492, u'100000460610482': 1499205847, u'100003543074717': 1499207264, u'100001816097146': 1499209203, u'690688016': 1499211421, u'100000152771276': 1499191192, u'100000423535273': 1499176951, u'514863322': 1499199749, u'797373256': 1499209780, u'710810326': 1499204521, u'1278850222': 1499204905, u'1402842328': 1499204939, u'1668625079': 1499204181, u'638328721': 1499206560, u'1354805350': 1499210662, u'537768482': 1499207299, u'718257740': 1499204035, u'553669354': 1499189982, u'100003815397965': 1499205433, u'1397281379': 1499210958, u'1149810351': 1499197499, u'713926273': 1499197479, u'100000936561958': 1499209168, u'100000542783483': 1499195830, u'100000122452868': 1499176380, u'623423689': 1499204653, u'100006397356602': 1499209228, u'1367143522': 1499208788, u'640025775': 1499204370, u'689645376': 1499201914, u'100000802561885': 1499209372, u'677722070': 1499205555, u'1791383970': 1499207623, u'100000149950306': 1499208620, u'653838065': 1499211823, u'100000239229245': 1499205548, u'1162671462': 1499208844, u'713769219': 1499206843, u'100000904037077': 1499209543, u'100000486202941': 1499185629, u'100007296884497': 1499205788, u'100000337998946': 1499207900, u'513086179': 1499206191, u'100004099352453': 1499210547, u'524256986': 1499199565, u'100005539179821': 1499197717, u'100001304227790': 1499207565, u'1068573895': 1499211823, u'504684736': 1499206799, u'1427425353': 1499211580, u'100004253946241': 1499208922, u'603030709': 1499210246, u'100001539276441': 1499209696, u'1185314014': 1499155634, u'100001696163628': 1499207528, u'100000369985865': 1499209119, u'575098679': 1499209556, u'1540271969': 1499198647, u'100000006547181': 1499211691, u'100004003500336': 1499210039, u'100004245935787': 1499206349, u'100001217172674': 1499205602, u'870195566': 1499211036, u'1530233078': 1499202821, u'100007101903256': 1499205547, u'653336872': 1499205193, u'100002317020901': 1499209933, u'1490777527': 1499201441, u'100010676958300': 1499183270, u'643345222': 1499201962, u'100000086116038': 1499201719, u'561101149': 1499202827, u'510495382': 1499205257, u'100005078706258': 1499210437, u'100000367137456': 1499200894, u'513538919': 1499204066, u'100000627755854': 1499203805, u'286000171': 1499202932, u'100002134614422': 1499191475, u'100000171462480': 1499208009, u'100002101895410': 1499206937, u'100001026174524': 1499207015, u'100003199294767': 1499029742, u'1503511077': 1499202730, u'500609832': 1499200678, u'100000685872542': 1499211836, u'744883020': 1499187476, u'1265234807': 1499208919, u'1721813231': 1499167960, u'100006577742643': 1499211732, u'1216548705': 1499207214, u'787174790': 1499210691, u'1170623348': 1499203471, u'100001593858545': 1499209140, u'100004589563758': 1499205249, u'519025556': 1499211319, u'100003482325927': 1499211490, u'559470528': 1499210565, u'527006849': 1499207112, u'274704916': 1499204551, u'1776889330': 1499203016, u'1239054312': 1499210185, u'1792687618': 1499208493, u'1656762903': 1499181898, u'516346893': 1499203418, u'516905042': 1499201543, u'1283968346': 1499209366, u'100000917208742': 1499208993, u'100000126280143': 1499207255, u'100007517415607': 1499211017, u'1415806961': 1499200221, u'1461825443': 1499191776, u'100008779269525': 1499210032, u'100002574323052': 1499197078, u'100000951312723': 1499209949, u'506307066': 1499197188, u'100003356089133': 1499202765, u'1099068290': 1499211303, u'700860450': 1499193051, u'100001605438968': 1499204263, u'100004774000863': 1499193633, u'1578519704': 1499211383, u'1671273070': 1499188401, u'1354744050': 1499203593, u'510178942': 1499205559, u'100007136356875': 1499198162, u'100004244011172': 1499201869, u'690105649': 1499205986, u'1815172318': 1499205112, u'100008262517720': 1499208560, u'100002298703904': 1499208690, u'100002322738437': 1499208891, u'501358351': 1499206287, u'100008014660296': 1499211821, u'100000985839678': 1499208800, u'100000384857195': 1499211807, u'100003939611676': 1499211842, u'100009421854869': 1499211710, u'61416249': 1499208894, u'100000709290650': 1499202587, u'1551018470': 1499209078, u'587331554': 1499191096, u'560873666': 1499203339, u'100005764118360': 1499193939, u'1274494725': 1499210867, u'1377043687': 1499206835, u'743378831': 1499203040, u'100007918500942': 1499206107, u'738964370': 1499205552, u'100004055949230': 1499206016, u'517342274': 1499208298, u'100000629643249': 1499207718, u'1323457499': 1499209313, u'720799471': 1499204784, u'100006652119123': 1499125811, u'100003175498413': 1499211759, u'100000647288011': 1499202836, u'1118165562': 1499207870, u'1090892677': 1499205978, u'100001610202197': 1499207439, u'100003957763553': 1499185819, u'100000019768661': 1499158405, u'100007583822508': 1499204635, u'100008014660634': 1499190392, u'659212489': 1499206696, u'1347966440': 1499208122, u'100007293048647': 1499206502, u'516259677': 1499204969, u'100001529081898': 1499202768, u'810632453': 1499206022, u'1579969398': 1499209232, u'1262430291': 1499211381, u'100000888188280': 1499208252, u'100003672677161': 1499209392, u'100000708283761': 1499204354, u'100001041204027': 1499202452, u'100003921792847': 1499211850, u'1430734553': 1499209132, u'100000849543376': 1499199501, u'628544513': 1499208435, u'100009536989995': 1499211433, u'100004443242192': 1499174557, u'100000665316642': 1499206385, u'100007613531602': 1499209935, u'100000023052545': 1499210295, u'1252135748': 1499068866, u'1666203384': 1499210237, u'1211166083': 1498027210, u'1505273900': 1499211604, u'100001885126112': 1499207791, u'662201826': 1499207891, u'100001343485289': 1499211855, u'100000188907558': 1499210081}
DEBUG:urllib3.connectionpool:Setting read timeout to 30
DEBUG:urllib3.connectionpool:"GET /active_ping?viewer_uid=1607140776&__a=1&__user=1607140776&seq=2&cap=0&state=active&clientid=56afb9b7&partition=-2&ttstamp=6581701044511110066736710082586581718610611411971877475482&__rev=3134691&fb_dtsg=AQFh-odBICdR%3AAQGVjrwGWJK0&__req=9&uid=1607140776&sticky_pool=atn1c08_chat-proxy&channel=p_1607140776&sticky_token=130 HTTP/1.1" 200 22
DEBUG:urllib3.connectionpool:Setting read timeout to 30
DEBUG:urllib3.connectionpool:"GET /pull?__a=1&__user=1607140776&seq=2&clientid=56afb9b7&ttstamp=6581701044511110066736710082586581718610611411971877475482&__rev=3134691&msgs_recv=0&fb_dtsg=AQFh-odBICdR%3AAQGVjrwGWJK0&__req=a&sticky_pool=atn1c08_chat-proxy&sticky_token=130 HTTP/1.1" 200 120
DEBUG:urllib3.connectionpool:Setting read timeout to 30
DEBUG:urllib3.connectionpool:"GET /active_ping?viewer_uid=1607140776&__a=1&__user=1607140776&seq=3&cap=0&state=active&clientid=56afb9b7&partition=-2&ttstamp=6581701044511110066736710082586581718610611411971877475482&__rev=3134691&fb_dtsg=AQFh-odBICdR%3AAQGVjrwGWJK0&__req=b&uid=1607140776&sticky_pool=atn1c08_chat-proxy&channel=p_1607140776&sticky_token=130 HTTP/1.1" 200 22
DEBUG:urllib3.connectionpool:Setting read timeout to 30
DEBUG:urllib3.connectionpool:"GET /pull?__a=1&__user=1607140776&seq=3&clientid=56afb9b7&ttstamp=6581701044511110066736710082586581718610611411971877475482&__rev=3134691&msgs_recv=0&fb_dtsg=AQFh-odBICdR%3AAQGVjrwGWJK0&__req=c&sticky_pool=atn1c08_chat-proxy&sticky_token=130 HTTP/1.1" 200 323
DEBUG:urllib3.connectionpool:Setting read timeout to 30
DEBUG:urllib3.connectionpool:"POST /ajax/mercury/delivery_receipts.php HTTP/1.1" 200 None
DEBUG:urllib3.connectionpool:Setting read timeout to 30
DEBUG:urllib3.connectionpool:"POST /ajax/mercury/change_read_status.php HTTP/1.1" 200 None
ERROR:client:Exception in parsing of {u'queue': 1607140776, u'ofd_ts': 1499211871905, u'iseq': 714265, u'type': u'delta', u'delta': {u'body': u'test', u'irisSeqId': u'714265', u'class': u'NewMessage', u'attachments': [], u'messageMetadata': {u'tags': [u'source:messenger:web'], u'actorFbId': u'1607140776', u'messageId': u'mid.$cAAAAAF_LBahjQUL-n1dD_3VMoaSg', u'offlineThreadingId': u'6288150384001262752', u'timestamp': u'1499211871903', u'threadKey': {u'otherUserFbId': u'1607140776'}}}}
Traceback (most recent call last):
  File "/usr/local/lib/python2.7/dist-packages/fbchat/client.py", line 1358, in _parseMessage
    thread_id=thread_id, thread_type=thread_type, ts=ts, metadata=metadata, msg=m)
  File "FBNotifier.py", line 35, in onMessage
    log.info("Message from {} in {} ({}): {}".format(author_id, thread_id, thread_type.name, message))
AttributeError: 'int' object has no attribute 'name'
DEBUG:urllib3.connectionpool:Setting read timeout to 30
DEBUG:urllib3.connectionpool:"GET /active_ping?viewer_uid=1607140776&__a=1&__user=1607140776&seq=4&cap=0&state=active&clientid=56afb9b7&partition=-2&ttstamp=6581701044511110066736710082586581718610611411971877475482&__rev=3134691&fb_dtsg=AQFh-odBICdR%3AAQGVjrwGWJK0&__req=f&uid=1607140776&sticky_pool=atn1c08_chat-proxy&channel=p_1607140776&sticky_token=130 HTTP/1.1" 200 22
DEBUG:urllib3.connectionpool:Setting read timeout to 30
DEBUG:urllib3.connectionpool:"GET /pull?__a=1&__user=1607140776&seq=4&clientid=56afb9b7&ttstamp=6581701044511110066736710082586581718610611411971877475482&__rev=3134691&msgs_recv=0&fb_dtsg=AQFh-odBICdR%3AAQGVjrwGWJK0&__req=g&sticky_pool=atn1c08_chat-proxy&sticky_token=130 HTTP/1.1" 200 190
DEBUG:client:Unknown message received: {u'queue': 1607140776, u'ofd_ts': 1499211872502, u'iseq': 714266, u'type': u'delta', u'delta': {u'irisSeqId': u'714266', u'class': u'MarkUnread', u'threadKeys': [{u'otherUserFbId': u'1607140776'}]}}
DEBUG:urllib3.connectionpool:Setting read timeout to 30
DEBUG:urllib3.connectionpool:"GET /active_ping?viewer_uid=1607140776&__a=1&__user=1607140776&seq=5&cap=0&state=active&clientid=56afb9b7&partition=-2&ttstamp=6581701044511110066736710082586581718610611411971877475482&__rev=3134691&fb_dtsg=AQFh-odBICdR%3AAQGVjrwGWJK0&__req=h&uid=1607140776&sticky_pool=atn1c08_chat-proxy&channel=p_1607140776&sticky_token=130 HTTP/1.1" 200 22
DEBUG:urllib3.connectionpool:Setting read timeout to 30
DEBUG:urllib3.connectionpool:"GET /pull?__a=1&__user=1607140776&seq=5&clientid=56afb9b7&ttstamp=6581701044511110066736710082586581718610611411971877475482&__rev=3134691&msgs_recv=0&fb_dtsg=AQFh-odBICdR%3AAQGVjrwGWJK0&__req=i&sticky_pool=atn1c08_chat-proxy&sticky_token=130 HTTP/1.1" 200 341
DEBUG:urllib3.connectionpool:Setting read timeout to 30
DEBUG:urllib3.connectionpool:"POST /ajax/mercury/delivery_receipts.php HTTP/1.1" 200 None
DEBUG:urllib3.connectionpool:Setting read timeout to 30
DEBUG:urllib3.connectionpool:"POST /ajax/mercury/change_read_status.php HTTP/1.1" 200 None
ERROR:client:Exception in parsing of {u'queue': 1607140776, u'ofd_ts': 1499211891443, u'iseq': 714267, u'type': u'delta', u'delta': {u'body': u'send me a message?', u'irisSeqId': u'714267', u'class': u'NewMessage', u'attachments': [], u'messageMetadata': {u'tags': [u'source:messenger:web'], u'actorFbId': u'1607140776', u'messageId': u'mid.$cAABa87_BVg9jQUNK8VdD_4h101gS', u'offlineThreadingId': u'6288150466296764434', u'timestamp': u'1499211891441', u'threadKey': {u'otherUserFbId': u'100003482325927'}}}}
Traceback (most recent call last):
  File "/usr/local/lib/python2.7/dist-packages/fbchat/client.py", line 1358, in _parseMessage
    thread_id=thread_id, thread_type=thread_type, ts=ts, metadata=metadata, msg=m)
  File "FBNotifier.py", line 35, in onMessage
    log.info("Message from {} in {} ({}): {}".format(author_id, thread_id, thread_type.name, message))
AttributeError: 'int' object has no attribute 'name'
DEBUG:urllib3.connectionpool:Setting read timeout to 30
DEBUG:urllib3.connectionpool:"GET /active_ping?viewer_uid=1607140776&__a=1&__user=1607140776&seq=6&cap=0&state=active&clientid=56afb9b7&partition=-2&ttstamp=6581701044511110066736710082586581718610611411971877475482&__rev=3134691&fb_dtsg=AQFh-odBICdR%3AAQGVjrwGWJK0&__req=l&uid=1607140776&sticky_pool=atn1c08_chat-proxy&channel=p_1607140776&sticky_token=130 HTTP/1.1" 200 22
DEBUG:urllib3.connectionpool:Setting read timeout to 30
DEBUG:urllib3.connectionpool:"GET /pull?__a=1&__user=1607140776&seq=6&clientid=56afb9b7&ttstamp=6581701044511110066736710082586581718610611411971877475482&__rev=3134691&msgs_recv=0&fb_dtsg=AQFh-odBICdR%3AAQGVjrwGWJK0&__req=m&sticky_pool=atn1c08_chat-proxy&sticky_token=130 HTTP/1.1" 200 311
ERROR:client:Exception in parsing of {u'queue': 1607140776, u'ofd_ts': 1499211891706, u'iseq': 714268, u'type': u'delta', u'delta': {u'irisSeqId': u'714268', u'threadKey': {u'otherUserFbId': u'100003482325927'}, u'deliveredWatermarkTimestampMs': u'1499211891441', u'messageIds': [u'mid.$cAABa87_BVg9jQUNK8VdD_4h101gS'], u'class': u'DeliveryReceipt'}}
Traceback (most recent call last):
  File "/usr/local/lib/python2.7/dist-packages/fbchat/client.py", line 1330, in _parseMessage
    thread_id=thread_id, thread_type=thread_type, ts=ts, metadata=metadata, msg=m)
  File "/usr/local/lib/python2.7/dist-packages/fbchat/client.py", line 1615, in onMessageDelivered
    log.info("Messages {} delivered to {} in {} ({}) at {}s".format(msg_ids, delivered_for, thread_id, thread_type.name, ts/1000))
AttributeError: 'int' object has no attribute 'name'
DEBUG:client:Unknown message received: {u'queue': 1607140776, u'ofd_ts': 1499211891850, u'iseq': 714269, u'type': u'delta', u'delta': {u'irisSeqId': u'714269', u'class': u'MarkUnread', u'threadKeys': [{u'otherUserFbId': u'1607140776'}]}}
DEBUG:urllib3.connectionpool:Setting read timeout to 30
DEBUG:urllib3.connectionpool:"GET /active_ping?viewer_uid=1607140776&__a=1&__user=1607140776&seq=8&cap=0&state=active&clientid=56afb9b7&partition=-2&ttstamp=6581701044511110066736710082586581718610611411971877475482&__rev=3134691&fb_dtsg=AQFh-odBICdR%3AAQGVjrwGWJK0&__req=n&uid=1607140776&sticky_pool=atn1c08_chat-proxy&channel=p_1607140776&sticky_token=130 HTTP/1.1" 200 22
DEBUG:urllib3.connectionpool:Setting read timeout to 30
DEBUG:urllib3.connectionpool:"GET /pull?__a=1&__user=1607140776&seq=8&clientid=56afb9b7&ttstamp=6581701044511110066736710082586581718610611411971877475482&__rev=3134691&msgs_recv=0&fb_dtsg=AQFh-odBICdR%3AAQGVjrwGWJK0&__req=o&sticky_pool=atn1c08_chat-proxy&sticky_token=130 HTTP/1.1" 200 346
DEBUG:urllib3.connectionpool:Setting read timeout to 30
DEBUG:urllib3.connectionpool:"POST /ajax/mercury/delivery_receipts.php HTTP/1.1" 200 None
DEBUG:urllib3.connectionpool:Setting read timeout to 30
DEBUG:urllib3.connectionpool:"POST /ajax/mercury/change_read_status.php HTTP/1.1" 200 None
ERROR:client:Exception in parsing of {u'queue': 1607140776, u'ofd_ts': 1499211897807, u'iseq': 714270, u'type': u'delta', u'delta': {u'body': u'oooooooh that fucked it', u'irisSeqId': u'714270', u'class': u'NewMessage', u'attachments': [], u'messageMetadata': {u'tags': [u'source:messenger:web'], u'actorFbId': u'1607140776', u'messageId': u'mid.$cAABa87_BVg9jQUNjzVdD_46vAiWZ', u'offlineThreadingId': u'6288150493025936793', u'timestamp': u'1499211897805', u'threadKey': {u'otherUserFbId': u'100003482325927'}}}}
Traceback (most recent call last):
  File "/usr/local/lib/python2.7/dist-packages/fbchat/client.py", line 1358, in _parseMessage
    thread_id=thread_id, thread_type=thread_type, ts=ts, metadata=metadata, msg=m)
  File "FBNotifier.py", line 35, in onMessage
    log.info("Message from {} in {} ({}): {}".format(author_id, thread_id, thread_type.name, message))
AttributeError: 'int' object has no attribute 'name'
DEBUG:urllib3.connectionpool:Setting read timeout to 30
DEBUG:urllib3.connectionpool:"GET /active_ping?viewer_uid=1607140776&__a=1&__user=1607140776&seq=9&cap=0&state=active&clientid=56afb9b7&partition=-2&ttstamp=6581701044511110066736710082586581718610611411971877475482&__rev=3134691&fb_dtsg=AQFh-odBICdR%3AAQGVjrwGWJK0&__req=r&uid=1607140776&sticky_pool=atn1c08_chat-proxy&channel=p_1607140776&sticky_token=130 HTTP/1.1" 200 22
DEBUG:urllib3.connectionpool:Setting read timeout to 30
DEBUG:urllib3.connectionpool:"GET /pull?__a=1&__user=1607140776&seq=9&clientid=56afb9b7&ttstamp=6581701044511110066736710082586581718610611411971877475482&__rev=3134691&msgs_recv=0&fb_dtsg=AQFh-odBICdR%3AAQGVjrwGWJK0&__req=s&sticky_pool=atn1c08_chat-proxy&sticky_token=130 HTTP/1.1" 200 312
ERROR:client:Exception in parsing of {u'queue': 1607140776, u'ofd_ts': 1499211898156, u'iseq': 714271, u'type': u'delta', u'delta': {u'irisSeqId': u'714271', u'threadKey': {u'otherUserFbId': u'100003482325927'}, u'deliveredWatermarkTimestampMs': u'1499211897805', u'messageIds': [u'mid.$cAABa87_BVg9jQUNjzVdD_46vAiWZ'], u'class': u'DeliveryReceipt'}}
Traceback (most recent call last):
  File "/usr/local/lib/python2.7/dist-packages/fbchat/client.py", line 1330, in _parseMessage
    thread_id=thread_id, thread_type=thread_type, ts=ts, metadata=metadata, msg=m)
  File "/usr/local/lib/python2.7/dist-packages/fbchat/client.py", line 1615, in onMessageDelivered
    log.info("Messages {} delivered to {} in {} ({}) at {}s".format(msg_ids, delivered_for, thread_id, thread_type.name, ts/1000))
AttributeError: 'int' object has no attribute 'name'
DEBUG:client:Unknown message received: {u'queue': 1607140776, u'ofd_ts': 1499211898190, u'iseq': 714272, u'type': u'delta', u'delta': {u'irisSeqId': u'714272', u'class': u'MarkUnread', u'threadKeys': [{u'otherUserFbId': u'1607140776'}]}}
DEBUG:urllib3.connectionpool:Setting read timeout to 30
DEBUG:urllib3.connectionpool:"GET /active_ping?viewer_uid=1607140776&__a=1&__user=1607140776&seq=11&cap=0&state=active&clientid=56afb9b7&partition=-2&ttstamp=6581701044511110066736710082586581718610611411971877475482&__rev=3134691&fb_dtsg=AQFh-odBICdR%3AAQGVjrwGWJK0&__req=t&uid=1607140776&sticky_pool=atn1c08_chat-proxy&channel=p_1607140776&sticky_token=130 HTTP/1.1" 200 22
DEBUG:urllib3.connectionpool:Setting read timeout to 30
INFO:root:Loaded Configuration
DEBUG:root:Performing Configuration Validation
INFO:root:Loaded Configuration
DEBUG:root:Performing Configuration Validation
INFO:client:Logging in ainsey11@gmail.com...
INFO:urllib3.connectionpool:Starting new HTTPS connection (1): m.facebook.com
DEBUG:urllib3.connectionpool:Setting read timeout to 30
DEBUG:urllib3.connectionpool:"GET /?seq=0&__req=1 HTTP/1.1" 200 None
DEBUG:urllib3.connectionpool:Setting read timeout to 30
DEBUG:urllib3.connectionpool:"POST /login.php?login_attempt=1 HTTP/1.1" 302 0
DEBUG:urllib3.connectionpool:Setting read timeout to 30
DEBUG:urllib3.connectionpool:"GET /home.php?refsrc=https%3A%2F%2Fwww.facebook.com%2F&_rdr HTTP/1.1" 200 None
INFO:urllib3.connectionpool:Starting new HTTPS connection (1): www.facebook.com
DEBUG:urllib3.connectionpool:Setting read timeout to 30
DEBUG:urllib3.connectionpool:"GET /?seq=0&__req=3 HTTP/1.1" 200 None
INFO:client:Login of ainsey11@gmail.com successful.
DEBUG:root:Own id: 1607140776
DEBUG:urllib3.connectionpool:Setting read timeout to 30
DEBUG:urllib3.connectionpool:"POST /messaging/send/ HTTP/1.1" 200 None
DEBUG:urllib3.connectionpool:Setting read timeout to 30
DEBUG:urllib3.connectionpool:"GET /logout.php?ttstamp=65817111549110845599105120101586581691197349541007068108992&__a=1&__user=1607140776&seq=0&__rev=3134691&h=AfcgY2K0BchHlXNO&fb_dtsg=AQGs1nT7cixe%3AAQEwI16dFDlc&ref=mb&__req=5 HTTP/1.1" 302 0
DEBUG:urllib3.connectionpool:Setting read timeout to 30
DEBUG:urllib3.connectionpool:"GET /?stype=lo&jlou=AfdNE3SgBq3I1KkG2t3YOvZfT9hqASqxZOEBw7M3h900GQCW2zEhgLY_buyydKYORU3uwqtLnvx_TG3wz5088z0k&smuh=24935&lh=Ac8H2sl7bHid7N1G&__req=5 HTTP/1.1" 200 None
